Determining if the pthread_create exist failed with the following output:
Change Dir: /home/eric/catkin_ws/build/CMakeFiles/CMakeTmp

Run Build Command:/usr/bin/make "cmTryCompileExec1249224190/fast"
/usr/bin/make -f CMakeFiles/cmTryCompileExec1249224190.dir/build.make CMakeFiles/cmTryCompileExec1249224190.dir/build
make[1]: Entering directory `/home/eric/catkin_ws/build/CMakeFiles/CMakeTmp'
/usr/bin/cmake -E cmake_progress_report /home/eric/catkin_ws/build/CMakeFiles/CMakeTmp/CMakeFiles 1
Building C object CMakeFiles/cmTryCompileExec1249224190.dir/CheckSymbolExists.c.o
/usr/bin/cc    -o CMakeFiles/cmTryCompileExec1249224190.dir/CheckSymbolExists.c.o   -c /home/eric/catkin_ws/build/CMakeFiles/CMakeTmp/CheckSymbolExists.c
Linking C executable cmTryCompileExec1249224190
/usr/bin/cmake -E cmake_link_script CMakeFiles/cmTryCompileExec1249224190.dir/link.txt --verbose=1
/usr/bin/cc       CMakeFiles/cmTryCompileExec1249224190.dir/CheckSymbolExists.c.o  -o cmTryCompileExec1249224190 -rdynamic 
CMakeFiles/cmTryCompileExec1249224190.dir/CheckSymbolExists.c.o: In function `main':
CheckSymbolExists.c:(.text+0x16): undefined reference to `pthread_create'
collect2: error: ld returned 1 exit status
make[1]: Leaving directory `/home/eric/catkin_ws/build/CMakeFiles/CMakeTmp'
make[1]: *** [cmTryCompileExec1249224190] Error 1
make: *** [cmTryCompileExec1249224190/fast] Error 2

File /home/eric/catkin_ws/build/CMakeFiles/CMakeTmp/CheckSymbolExists.c:
/* */
#include <pthread.h>

int main(int argc, char** argv)
{
  (void)argv;
#ifndef pthread_create
  return ((int*)(&pthread_create))[argc];
#else
  (void)argc;
  return 0;
#endif
}

Determining if the function pthread_create exists in the pthreads failed with the following output:
Change Dir: /home/eric/catkin_ws/build/CMakeFiles/CMakeTmp

Run Build Command:/usr/bin/make "cmTryCompileExec465456311/fast"
/usr/bin/make -f CMakeFiles/cmTryCompileExec465456311.dir/build.make CMakeFiles/cmTryCompileExec465456311.dir/build
make[1]: Entering directory `/home/eric/catkin_ws/build/CMakeFiles/CMakeTmp'
/usr/bin/cmake -E cmake_progress_report /home/eric/catkin_ws/build/CMakeFiles/CMakeTmp/CMakeFiles 1
Building C object CMakeFiles/cmTryCompileExec465456311.dir/CheckFunctionExists.c.o
/usr/bin/cc   -DCHECK_FUNCTION_EXISTS=pthread_create   -o CMakeFiles/cmTryCompileExec465456311.dir/CheckFunctionExists.c.o   -c /usr/share/cmake-2.8/Modules/CheckFunctionExists.c
Linking C executable cmTryCompileExec465456311
/usr/bin/cmake -E cmake_link_script CMakeFiles/cmTryCompileExec465456311.dir/link.txt --verbose=1
/usr/bin/cc   -DCHECK_FUNCTION_EXISTS=pthread_create    CMakeFiles/cmTryCompileExec465456311.dir/CheckFunctionExists.c.o  -o cmTryCompileExec465456311 -rdynamic -lpthreads 
/usr/bin/ld: cannot find -lpthreads
collect2: error: ld returned 1 exit status
make[1]: Leaving directory `/home/eric/catkin_ws/build/CMakeFiles/CMakeTmp'
make[1]: *** [cmTryCompileExec465456311] Error 1
make: *** [cmTryCompileExec465456311/fast] Error 2


